proguard-android.pro
-dontwarn com.google.common.collect.*
-dontwarn com.google.common.reflect.*