proguard/seeds.txt
com.mareksebera.simpledilbert.AppController
com.mareksebera.simpledilbert.AppController: AppController()
com.mareksebera.simpledilbert.DilbertFragmentActivity
com.mareksebera.simpledilbert.DilbertFragmentActivity: DilbertFragmentActivity()
com.mareksebera.simpledilbert.DilbertPreferencesActivity
com.mareksebera.simpledilbert.DilbertPreferencesActivity: DilbertPreferencesActivity()
com.mareksebera.simpledilbert.FavoritedActivity
com.mareksebera.simpledilbert.FavoritedActivity: FavoritedActivity()
com.mareksebera.simpledilbert.FixedViewPager
com.mareksebera.simpledilbert.FixedViewPager: FixedViewPager(android.content.Context,android.util.AttributeSet)
com.mareksebera.simpledilbert.FixedViewPager: FixedViewPager(android.content.Context)
com.mareksebera.simpledilbert.WidgetProvider
com.mareksebera.simpledilbert.WidgetProvider: WidgetProvider()
...
com.actionbarsherlock.widget.SearchView$SearchAutoComplete
com.actionbarsherlock.widget.SearchView$SearchAutoComplete: int mThreshold
com.actionbarsherlock.widget.SearchView$SearchAutoComplete: com.actionbarsherlock.widget.SearchView mSearchView
com.actionbarsherlock.widget.SearchView$SearchAutoComplete: SearchView$SearchAutoComplete(android.content.Context)
com.actionbarsherlock.widget.SearchView$SearchAutoComplete: SearchView$SearchAutoComplete(android.content.Context,android.util.AttributeSet)
com.actionbarsherlock.widget.SearchView$SearchAutoComplete: SearchView$SearchAutoComplete(android.content.Context,android.util.AttributeSet,int)
com.actionbarsherlock.widget.SearchView$SearchAutoComplete: void setSearchView(com.actionbarsherlock.widget.SearchView)
com.actionbarsherlock.widget.SearchView$SearchAutoComplete: void setThreshold(int)
com.actionbarsherlock.widget.SearchView$SearchAutoComplete: boolean isEmpty()
com.actionbarsherlock.widget.SearchView$SearchAutoComplete: void replaceText(java.lang.CharSequence)
com.actionbarsherlock.widget.SearchView$SearchAutoComplete: void performCompletion()
com.actionbarsherlock.widget.SearchView$SearchAutoComplete: void onWindowFocusChanged(boolean)
com.actionbarsherlock.widget.SearchView$SearchAutoComplete: void onFocusChanged(boolean,int,android.graphics.Rect)
com.actionbarsherlock.widget.SearchView$SearchAutoComplete: boolean enoughToFilter()
com.actionbarsherlock.widget.ShareActionProvider
com.actionbarsherlock.widget.ShareActionProvider: int DEFAULT_INITIAL_ACTIVITY_COUNT
com.actionbarsherlock.widget.ShareActionProvider: int mMaxShownActivityCount
com.actionbarsherlock.widget.ShareActionProvider: com.actionbarsherlock.widget.ShareActionProvider$ShareMenuItemOnMenuItemClickListener mOnMenuItemClickListener
com.actionbarsherlock.widget.ShareActionProvider: java.lang.String DEFAULT_SHARE_HISTORY_FILE_NAME
com.actionbarsherlock.widget.ShareActionProvider: android.content.Context mContext
com.actionbarsherlock.widget.ShareActionProvider: java.lang.String mShareHistoryFileName
com.actionbarsherlock.widget.ShareActionProvider: com.actionbarsherlock.widget.ShareActionProvider$OnShareTargetSelectedListener mOnShareTargetSelectedListener
com.actionbarsherlock.widget.ShareActionProvider: com.actionbarsherlock.widget.ActivityChooserModel$OnChooseActivityListener mOnChooseActivityListener
com.actionbarsherlock.widget.ShareActionProvider: ShareActionProvider(android.content.Context)
com.actionbarsherlock.widget.ShareActionProvider: void setOnShareTargetSelectedListener(com.actionbarsherlock.widget.ShareActionProvider$OnShareTargetSelectedListener)
com.actionbarsherlock.widget.ShareActionProvider: android.view.View onCreateActionView()
com.actionbarsherlock.widget.ShareActionProvider: boolean hasSubMenu()
com.actionbarsherlock.widget.ShareActionProvider: void onPrepareSubMenu(com.actionbarsherlock.view.SubMenu)
com.actionbarsherlock.widget.ShareActionProvider$OnShareTargetSelectedListener
com.actionbarsherlock.widget.ShareActionProvider$OnShareTargetSelectedListener: boolean onShareTargetSelected(com.actionbarsherlock.widget.ShareActionProvider,android.content.Intent)