proguard/mapping.txt
com.mareksebera.simpledilbert.AppController -> com.mareksebera.simpledilbert.AppController:
    void onCreate() -> onCreate
    void configureImageLoader(android.content.Context) -> a
com.mareksebera.simpledilbert.DilbertFragment -> com.mareksebera.simpledilbert.a:
    uk.co.senab.photoview.PhotoView image -> a
    android.widget.ProgressBar progress -> b
    com.mareksebera.simpledilbert.DilbertPreferences preferences -> c
    com.mareksebera.simpledilbert.GetStripUrl loadTask -> d
    com.nostra13.universalimageloader.core.ImageLoader imageLoader -> e
    com.mareksebera.simpledilbert.GetStripUrlInterface getStripUrilListener -> f
    com.nostra13.universalimageloader.core.assist.ImageLoadingListener dilbertImageLoadingListener -> g
    android.view.View$OnLongClickListener imageLongClickListener -> h
    uk.co.senab.photoview.PhotoViewAttacher$OnPhotoTapListener photoTapListener -> i
    int zoomLevel -> j
    void onCreate(android.os.Bundle) -> onCreate
    org.joda.time.DateMidnight getDateFromArguments() -> a
    android.view.View onCreateView(android.view.LayoutInflater,android.view.ViewGroup,android.os.Bundle) -> onCreateView
    void onStop() -> onStop
    void onPrepareOptionsMenu(com.actionbarsherlock.view.Menu) -> onPrepareOptionsMenu
    void modifyFavoriteItem(com.actionbarsherlock.view.MenuItem) -> a
    boolean onOptionsItemSelected(com.actionbarsherlock.view.MenuItem) -> onOptionsItemSelected
    void refreshAction() -> b
    void onCreateOptionsMenu(com.actionbarsherlock.view.Menu,com.actionbarsherlock.view.MenuInflater) -> onCreateOptionsMenu
com.mareksebera.simpledilbert.DilbertFragment$1 -> com.mareksebera.simpledilbert.b:
    com.mareksebera.simpledilbert.DilbertFragment this$0 -> a
    void imageLoadFailed$14437b68() -> a
    void displayImage(java.lang.String) -> a
com.mareksebera.simpledilbert.DilbertFragment$2 -> com.mareksebera.simpledilbert.c:
    com.mareksebera.simpledilbert.DilbertFragment this$0 -> a
    void onLoadingCancelled$4f77f073() -> a
    void onLoadingComplete$5848811b(java.lang.String,android.graphics.Bitmap) -> a
    void onLoadingFailed$55580a0c() -> b
    void onLoadingStarted$4f77f073() -> c
com.mareksebera.simpledilbert.DilbertFragment$3 -> com.mareksebera.simpledilbert.d:
    com.mareksebera.simpledilbert.DilbertFragment this$0 -> a
    boolean onLongClick(android.view.View) -> onLongClick
com.mareksebera.simpledilbert.DilbertFragment$4 -> com.mareksebera.simpledilbert.e:
    com.mareksebera.simpledilbert.DilbertFragment this$0 -> a
    void onPhotoTap$17e2ac03() -> a
com.mareksebera.simpledilbert.DilbertFragmentActivity -> com.mareksebera.simpledilbert.DilbertFragmentActivity:
    android.app.DatePickerDialog$OnDateSetListener dilbertOnDateSetListener -> a
    com.mareksebera.simpledilbert.FixedViewPager viewPager -> b
    com.mareksebera.simpledilbert.DilbertFragmentAdapter adapter -> c
    com.mareksebera.simpledilbert.DilbertPreferences preferences -> d
    android.support.v4.view.PagerTitleStrip titles -> e
    android.support.v4.view.ViewPager$OnPageChangeListener pageChangedListener -> f
    void setCurrentDate(org.joda.time.DateMidnight) -> a
    void onCreate(android.os.Bundle) -> onCreate
    void onResume() -> onResume
    boolean onCreateOptionsMenu(com.actionbarsherlock.view.Menu) -> onCreateOptionsMenu
    void toggleActionBar() -> a
    boolean onOptionsItemSelected(com.actionbarsherlock.view.MenuItem) -> onOptionsItemSelected
    void access$0(com.mareksebera.simpledilbert.DilbertFragmentActivity,org.joda.time.DateMidnight) -> a
    com.mareksebera.simpledilbert.DilbertPreferences access$1(com.mareksebera.simpledilbert.DilbertFragmentActivity) -> a
    com.mareksebera.simpledilbert.DilbertFragmentAdapter access$2(com.mareksebera.simpledilbert.DilbertFragmentActivity) -> b
...
android.support.v4.os.ParcelableCompatCreatorCallbacks -> android.support.v4.b.c:
    java.lang.Object createFromParcel(android.os.Parcel,java.lang.ClassLoader) -> a
    java.lang.Object[] newArray(int) -> a
android.support.v4.os.ParcelableCompatCreatorHoneycombMR2 -> android.support.v4.b.d:
    android.support.v4.os.ParcelableCompatCreatorCallbacks mCallbacks -> a
    java.lang.Object createFromParcel(android.os.Parcel) -> createFromParcel
    java.lang.Object createFromParcel(android.os.Parcel,java.lang.ClassLoader) -> createFromParcel
    java.lang.Object[] newArray(int) -> newArray
android.support.v4.util.DebugUtils -> android.support.v4.c.a:
    void buildShortClassTag(java.lang.Object,java.lang.StringBuilder) -> a
android.support.v4.util.LogWriter -> android.support.v4.c.b:
    java.lang.String mTag -> a
    java.lang.StringBuilder mBuilder -> b
    void close() -> close
    void flush() -> flush
    void write(char[],int,int) -> write
    void flushBuilder() -> a
android.support.v4.util.SparseArrayCompat -> android.support.v4.c.c:
    java.lang.Object DELETED -> a
    boolean mGarbage -> b
    int[] mKeys -> c
    java.lang.Object[] mValues -> d
    int mSize -> e
    java.lang.Object get(int) -> a
    void remove(int) -> b
    void removeAt(int) -> c
    void gc() -> c
    void put(int,java.lang.Object) -> a
    int size() -> a
    int keyAt(int) -> d
    java.lang.Object valueAt(int) -> e
    int indexOfKey(int) -> f
    void clear() -> b
    int binarySearch$76412d8d(int[],int,int) -> a
    int idealIntArraySize(int) -> g
android.support.v4.view.AccessibilityDelegateCompat -> android.support.v4.view.a:
    android.support.v4.view.AccessibilityDelegateCompat$AccessibilityDelegateImpl IMPL -> b
    java.lang.Object DEFAULT_DELEGATE -> c
    java.lang.Object mBridge -> a
    java.lang.Object getBridge() -> a
    void sendAccessibilityEvent(android.view.View,int) -> a
    void sendAccessibilityEventUnchecked(android.view.View,android.view.accessibility.AccessibilityEvent) -> a
    boolean dispatchPopulateAccessibilityEvent(android.view.View,android.view.accessibility.AccessibilityEvent) -> b
    void onPopulateAccessibilityEvent(android.view.View,android.view.accessibility.AccessibilityEvent) -> c
    void onInitializeAccessibilityEvent(android.view.View,android.view.accessibility.AccessibilityEvent) -> d
    void onInitializeAccessibilityNodeInfo(android.view.View,android.support.v4.view.accessibility.AccessibilityNodeInfoCompat) -> a
    boolean onRequestSendAccessibilityEvent(android.view.ViewGroup,android.view.View,android.view.accessibility.AccessibilityEvent) -> a
    android.support.v4.view.accessibility.AccessibilityNodeProviderCompat getAccessibilityNodeProvider(android.view.View) -> a
    boolean performAccessibilityAction(android.view.View,int,android.os.Bundle) -> a