proguard/usage.txt
com.mareksebera.simpledilbert.BuildConfig
com.mareksebera.simpledilbert.DilbertFragment:
    private static final int MENU_SAVE
    private static final int MENU_FAVORITE
    private static final int MENU_ZOOM
    private static final int MENU_SHARE
    private static final int MENU_REFRESH
    public static final java.lang.String ARGUMENT_DATE
com.mareksebera.simpledilbert.DilbertFragmentActivity:
    private static final int MENU_DATEPICKER
    private static final int MENU_LATEST
    private static final int MENU_SHOW_FAVORITES
    private static final int MENU_SHUFFLE
    private static final int MENU_SETTINGS
    protected static final java.lang.String TAG
com.mareksebera.simpledilbert.DilbertPreferences:
    private static final java.lang.String PREF_CURRENT_DATE
    private static final java.lang.String PREF_CURRENT_URL
    private static final java.lang.String PREF_HIGH_QUALITY_ENABLED
    private static final java.lang.String PREF_DARK_LAYOUT
    private static final java.lang.String PREF_FORCE_LANDSCAPE
    private static final java.lang.String PREF_HIDE_TOOLBARS
    private static final java.lang.String TAG
    67:67:public java.lang.String getLastUrl()
    81:81:public boolean toggleHighQuality()
com.mareksebera.simpledilbert.DilbertPreferencesActivity:
    private static final java.lang.String TAG
com.mareksebera.simpledilbert.EntityUtils:
    12:12:public EntityUtils()
com.mareksebera.simpledilbert.FavoritedActivity:
    private static final int CONTEXT_REMOVE
    private static final int CONTEXT_DOWNLOAD
    private static final int CONTEXT_DISPLAY
com.mareksebera.simpledilbert.FavoritedItem:
    27:28:public void setDate(org.joda.time.DateMidnight)
    31:32:public void setUrl(java.lang.String)
com.mareksebera.simpledilbert.FindUrls:
    14:15:private FindUrls()
com.mareksebera.simpledilbert.GetStripUrl:
    private static final java.lang.String TAG
com.mareksebera.simpledilbert.R
com.mareksebera.simpledilbert.R$attr
com.mareksebera.simpledilbert.R$bool
com.mareksebera.simpledilbert.R$color
com.mareksebera.simpledilbert.R$dimen
com.mareksebera.simpledilbert.R$drawable
com.mareksebera.simpledilbert.R$id
com.mareksebera.simpledilbert.R$integer
com.mareksebera.simpledilbert.R$layout
com.mareksebera.simpledilbert.R$string
com.mareksebera.simpledilbert.R$style
com.mareksebera.simpledilbert.R$styleable
com.mareksebera.simpledilbert.R$xml
com.mareksebera.simpledilbert.WidgetProvider:
    public static final java.lang.String TAG
    private static final java.lang.String INTENT_PREVIOUS
    private static final java.lang.String INTENT_NEXT
    private static final java.lang.String INTENT_LATEST
    private static final java.lang.String INTENT_RANDOM
    private static final java.lang.String INTENT_REFRESH
    private static final java.lang.String INTENT_DISPLAY
...
android.support.v4.accessibilityservice.AccessibilityServiceInfoCompat
android.support.v4.accessibilityservice.AccessibilityServiceInfoCompat$AccessibilityServiceInfoIcsImpl
android.support.v4.accessibilityservice.AccessibilityServiceInfoCompat$AccessibilityServiceInfoStubImpl
android.support.v4.accessibilityservice.AccessibilityServiceInfoCompat$AccessibilityServiceInfoVersionImpl
android.support.v4.accessibilityservice.AccessibilityServiceInfoCompatIcs
android.support.v4.content.AsyncTaskLoader
android.support.v4.content.AsyncTaskLoader$LoadTask
android.support.v4.content.ContextCompatHoneycomb:
    25:25:ContextCompatHoneycomb()
android.support.v4.content.ContextCompatJellybean:
    23:23:ContextCompatJellybean()
android.support.v4.content.CursorLoader
android.support.v4.content.IntentCompat:
    public static final java.lang.String ACTION_EXTERNAL_APPLICATIONS_AVAILABLE
    public static final java.lang.String ACTION_EXTERNAL_APPLICATIONS_UNAVAILABLE
    public static final java.lang.String EXTRA_CHANGED_PACKAGE_LIST
    public static final java.lang.String EXTRA_CHANGED_UID_LIST
    public static final java.lang.String EXTRA_HTML_TEXT
    public static final int FLAG_ACTIVITY_TASK_ON_HOME
    public static final int FLAG_ACTIVITY_CLEAR_TASK
    95:97:private IntentCompat()
    249:249:public static android.content.Intent makeMainSelectorActivity(java.lang.String,java.lang.String)
    266:266:public static android.content.Intent makeRestartActivityTask(android.content.ComponentName)
android.support.v4.content.IntentCompat$IntentCompatImpl:
    public abstract android.content.Intent makeMainSelectorActivity(java.lang.String,java.lang.String)
    public abstract android.content.Intent makeRestartActivityTask(android.content.ComponentName)
android.support.v4.content.IntentCompat$IntentCompatImplBase:
    51:53:public android.content.Intent makeMainSelectorActivity(java.lang.String,java.lang.String)
    58:61:public android.content.Intent makeRestartActivityTask(android.content.ComponentName)
android.support.v4.content.IntentCompat$IntentCompatImplHC:
    72:72:public android.content.Intent makeRestartActivityTask(android.content.ComponentName)
android.support.v4.content.IntentCompat$IntentCompatImplIcsMr1:
    79:79:public android.content.Intent makeMainSelectorActivity(java.lang.String,java.lang.String)
android.support.v4.content.IntentCompatHoneycomb:
    22:22:IntentCompatHoneycomb()
    28:28:public static android.content.Intent makeRestartActivityTask(android.content.ComponentName)
android.support.v4.content.IntentCompatIcsMr1
android.support.v4.content.Loader:
    android.content.Context mContext
    90:92:public Loader(android.content.Context)
    102:105:public void deliverResult(java.lang.Object)
    111:111:public android.content.Context getContext()
    118:118:public int getId()
    157:157:public boolean isStarted()
    166:166:public boolean isAbandoned()
    175:175:public boolean isReset()
    217:218:public void forceLoad()
    225:225:protected void onForceLoad()
    312:314:public boolean takeContentChanged()
    326:334:public void onContentChanged()
android.support.v4.content.Loader$ForceLoadContentObserver
android.support.v4.content.Loader$OnLoadCompleteListener:
    public abstract void onLoadComplete(android.support.v4.content.Loader,java.lang.Object)
android.support.v4.content.LocalBroadcastManager
android.support.v4.content.LocalBroadcastManager$1
android.support.v4.content.LocalBroadcastManager$BroadcastRecord
android.support.v4.content.LocalBroadcastManager$ReceiverRecord
android.support.v4.content.ModernAsyncTask
android.support.v4.content.ModernAsyncTask$1
android.support.v4.content.ModernAsyncTask$2
android.support.v4.content.ModernAsyncTask$3
android.support.v4.content.ModernAsyncTask$4
android.support.v4.content.ModernAsyncTask$AsyncTaskResult
android.support.v4.content.ModernAsyncTask$InternalHandler
android.support.v4.content.ModernAsyncTask$Status